22/04/22 23:41:10 : Username and Password not accepted. Learn more at<EOL> https://support.google.com/mail/?p=BadCredentials 7-20020a056000156700b0020aa549d399sm3541221wrz.11 - gsmtp<EOL>
22/04/22 23:41:14 : Username and Password not accepted. Learn more at<EOL> https://support.google.com/mail/?p=BadCredentials a2-20020a056000188200b0020aa2581c7fsm3094196wri.104 - gsmtp<EOL>
22/04/22 23:42:51 : Username and Password not accepted. Learn more at<EOL> https://support.google.com/mail/?p=BadCredentials b13-20020a05600018ad00b0020a87feadfcsm3219733wri.84 - gsmtp<EOL>
22/04/22 23:42:56 : Username and Password not accepted. Learn more at<EOL> https://support.google.com/mail/?p=BadCredentials q16-20020a1ce910000000b0038eabd31749sm3122094wmc.32 - gsmtp<EOL>
22/04/22 23:44:00 : Username and Password not accepted. Learn more at<EOL> https://support.google.com/mail/?p=BadCredentials z17-20020adfec91000000b0020a98f5f8a7sm2826910wrn.6 - gsmtp<EOL>
22/04/22 23:44:32 : Username and Password not accepted. Learn more at<EOL> https://support.google.com/mail/?p=BadCredentials e4-20020adfa444000000b0020ac74da5c5sm2671845wra.87 - gsmtp<EOL>
22/04/22 23:47:25 : Username and Password not accepted. Learn more at<EOL> https://support.google.com/mail/?p=BadCredentials b13-20020a05600018ad00b0020a87feadfcsm3226019wri.84 - gsmtp<EOL>
22/04/22 23:47:29 : Username and Password not accepted. Learn more at<EOL> https://support.google.com/mail/?p=BadCredentials t2-20020a1c4602000000b003917d43d339sm5581795wma.4 - gsmtp<EOL>
22/04/22 23:50:34 : Username and Password not accepted. Learn more at<EOL> https://support.google.com/mail/?p=BadCredentials p3-20020a5d59a3000000b0020a83f00487sm3912213wrr.9 - gsmtp<EOL>
22/04/22 23:50:37 : Username and Password not accepted. Learn more at<EOL> https://support.google.com/mail/?p=BadCredentials g8-20020a5d4888000000b00207a49fa6a1sm3076119wrq.81 - gsmtp<EOL>
22/04/22 23:50:42 : Username and Password not accepted. Learn more at<EOL> https://support.google.com/mail/?p=BadCredentials e1-20020a05600c4e4100b00392910b276esm2552378wmq.9 - gsmtp<EOL>
22/04/22 23:51:41 : Username and Password not accepted. Learn more at<EOL> https://support.google.com/mail/?p=BadCredentials o15-20020a056000010f00b00207a217a500sm2738174wrx.88 - gsmtp<EOL>
22/04/22 23:51:48 : Username and Password not accepted. Learn more at<EOL> https://support.google.com/mail/?p=BadCredentials l14-20020adffe8e000000b00207af9cdd90sm2572614wrr.39 - gsmtp<EOL>
22/04/22 23:52:23 : Username and Password not accepted. Learn more at<EOL> https://support.google.com/mail/?p=BadCredentials d4-20020a05600c3ac400b0039082eeff53sm2468814wms.22 - gsmtp<EOL>
22/04/22 23:52:35 : Username and Password not accepted. Learn more at<EOL> https://support.google.com/mail/?p=BadCredentials m188-20020a1c26c5000000b0039187bb7e9asm5399462wmm.6 - gsmtp<EOL>
22/04/22 23:53:39 : Username and Password not accepted. Learn more at<EOL> https://support.google.com/mail/?p=BadCredentials n32-20020a05600c3ba000b0038ed068052fsm2679925wms.19 - gsmtp<EOL>
22/04/22 23:53:52 : Username and Password not accepted. Learn more at<EOL> https://support.google.com/mail/?p=BadCredentials m2-20020a056000008200b00207a6f32833sm3105998wrx.117 - gsmtp<EOL>
22/04/22 23:54:07 : Username and Password not accepted. Learn more at<EOL> https://support.google.com/mail/?p=BadCredentials 190-20020a1c19c7000000b00392c344c842sm2591766wmz.43 - gsmtp<EOL>
22/04/22 23:54:20 : Username and Password not accepted. Learn more at<EOL> https://support.google.com/mail/?p=BadCredentials z6-20020a1c4c06000000b00392b49c7ad4sm2611391wmf.3 - gsmtp<EOL>
22/04/22 23:55:06 : Username and Password not accepted. Learn more at<EOL> https://support.google.com/mail/?p=BadCredentials m21-20020a05600c3b1500b003928f20b7besm2527623wms.42 - gsmtp<EOL>
22/04/22 23:55:20 : Username and Password not accepted. Learn more at<EOL> https://support.google.com/mail/?p=BadCredentials o40-20020a05600c512800b0038ebf2858cbsm6033335wms.16 - gsmtp<EOL>
22/04/22 23:55:25 : Username and Password not accepted. Learn more at<EOL> https://support.google.com/mail/?p=BadCredentials m1-20020a1ca301000000b003929c4bf250sm5570824wme.13 - gsmtp<EOL>
22/04/22 23:56:26 : Username and Password not accepted. Learn more at<EOL> https://support.google.com/mail/?p=BadCredentials z14-20020a7bc14e000000b00392a3e62b66sm2504406wmi.33 - gsmtp<EOL>
22/04/22 23:56:30 : Username and Password not accepted. Learn more at<EOL> https://support.google.com/mail/?p=BadCredentials r3-20020a5d6c63000000b0020a94e82a3dsm2803749wrz.64 - gsmtp<EOL>
22/04/22 23:57:15 : Username and Password not accepted. Learn more at<EOL> https://support.google.com/mail/?p=BadCredentials r5-20020adfa145000000b0020acc9de8c4sm1970850wrr.38 - gsmtp<EOL>
22/04/22 23:57:17 : Username and Password not accepted. Learn more at<EOL> https://support.google.com/mail/?p=BadCredentials r3-20020a5d6c63000000b0020a94e82a3dsm2804702wrz.64 - gsmtp<EOL>
22/04/22 23:57:21 : Username and Password not accepted. Learn more at<EOL> https://support.google.com/mail/?p=BadCredentials p1-20020adfaa01000000b0020ab1e305f1sm2727460wrd.22 - gsmtp<EOL>
22/04/23 00:01:14 : Username and Password not accepted. Learn more at<EOL> https://support.google.com/mail/?p=BadCredentials q15-20020adfaa4f000000b0020ac7bd4affsm3316847wrd.0 - gsmtp<EOL>
22/04/23 00:12:21 : Username and Password not accepted. Learn more at<EOL> https://support.google.com/mail/?p=BadCredentials 62-20020a1c1941000000b00393a1a024desm4070595wmz.14 - gsmtp<EOL>
22/04/23 00:12:25 : Username and Password not accepted. Learn more at<EOL> https://support.google.com/mail/?p=BadCredentials m6-20020a05600c4f4600b003918d69b334sm5949477wmq.42 - gsmtp<EOL>
22/04/23 14:50:49 : Username and Password not accepted. Learn more at<EOL> https://support.google.com/mail/?p=BadCredentials u22-20020adfa196000000b0020ad517ce4bsm1117531wru.52 - gsmtp<EOL>
22/04/23 14:50:58 : Username and Password not accepted. Learn more at<EOL> https://support.google.com/mail/?p=BadCredentials d18-20020a05600c34d200b0038ed14b7ac3sm4055574wmq.40 - gsmtp<EOL>
22/04/23 14:51:28 : Username and Password not accepted. Learn more at<EOL> https://support.google.com/mail/?p=BadCredentials p32-20020a05600c1da000b00393db324ec4sm3873423wms.18 - gsmtp<EOL>
22/04/23 14:52:16 : Username and Password not accepted. Learn more at<EOL> https://support.google.com/mail/?p=BadCredentials g13-20020a5d64ed000000b0020a9e488976sm4573964wri.25 - gsmtp<EOL>
22/04/23 14:52:34 : Username and Password not accepted. Learn more at<EOL> https://support.google.com/mail/?p=BadCredentials b6-20020adfd1c6000000b0020aac8a9946sm5021991wrd.47 - gsmtp<EOL>
22/04/23 14:53:19 : Username and Password not accepted. Learn more at<EOL> https://support.google.com/mail/?p=BadCredentials w4-20020a7bc104000000b0038eba17a797sm6845695wmi.31 - gsmtp<EOL>
22/04/23 14:53:37 : Username and Password not accepted. Learn more at<EOL> https://support.google.com/mail/?p=BadCredentials h206-20020a1c21d7000000b003925bfba0e3sm4292550wmh.25 - gsmtp<EOL>
22/04/23 14:55:04 : Username and Password not accepted. Learn more at<EOL> https://support.google.com/mail/?p=BadCredentials l10-20020a05600002aa00b0020a7cc29000sm4626868wry.75 - gsmtp<EOL>
22/04/23 14:55:12 : Username and Password not accepted. Learn more at<EOL> https://support.google.com/mail/?p=BadCredentials v28-20020adf8b5c000000b0020ad668407bsm616719wra.115 - gsmtp<EOL>
22/04/23 14:55:28 : Username and Password not accepted. Learn more at<EOL> https://support.google.com/mail/?p=BadCredentials m2-20020a056000008200b00207a6f32833sm4824516wrx.117 - gsmtp<EOL>
22/04/23 14:56:40 : Username and Password not accepted. Learn more at<EOL> https://support.google.com/mail/?p=BadCredentials q14-20020a1cf30e000000b0038986a18ec8sm4179959wmq.46 - gsmtp<EOL>
22/04/23 14:56:52 : Username and Password not accepted. Learn more at<EOL> https://support.google.com/mail/?p=BadCredentials m7-20020adfe0c7000000b002060e7bbe49sm4999419wri.45 - gsmtp<EOL>
22/04/23 14:57:06 : Username and Password not accepted. Learn more at<EOL> https://support.google.com/mail/?p=BadCredentials i14-20020a1c540e000000b00393dc91e9c9sm3376394wmb.17 - gsmtp<EOL>
22/04/23 14:58:50 : Username and Password not accepted. Learn more at<EOL> https://support.google.com/mail/?p=BadCredentials b14-20020a7bc24e000000b003899c8053e1sm4618895wmj.41 - gsmtp<EOL>
22/04/23 21:46:54 : Username and Password not accepted. Learn more at<EOL> https://support.google.com/mail/?p=BadCredentials v13-20020adfe28d000000b0020375f27a5asm5173657wri.4 - gsmtp<EOL>
